<?xml version="1.0" encoding="UTF-8"?>
<!-- Generated by org.testng.reporters.JUnitReportReporter -->
<testsuite skipped="0" hostname="Namita" name="com.selenium.webdriver.testng.jenkins.TestSeleniumTestNgJenkins" tests="1" failures="0" timestamp="26 Sep 2018 14:49:38 GMT" time="2.596" errors="0">
  <testcase name="doRegistration" time="2.596" classname="com.selenium.webdriver.testng.jenkins.TestSeleniumTestNgJenkins"/>
</testsuite> <!-- com.selenium.webdriver.testng.jenkins.TestSeleniumTestNgJenkins -->
